make all --print-data-base --no-builtin-variables --no-builtin-rules --question
# GNU Make 4.2.1
# Built for x86_64-pc-linux-gnu
# Copyright (C) 1988-2016 Free Software Foundation, Inc.
# License GPLv3+: GNU GPL version 3 or later <http://gnu.org/licenses/gpl.html>
# This is free software: you are free to change and redistribute it.
# There is NO WARRANTY, to the extent permitted by law.

# Make data base, printed on Wed Jan  4 07:59:57 2023

# Variables

# 'override' directive
GNUMAKEFLAGS := 
# automatic
<D = $(patsubst %/,%,$(dir $<))
# automatic
?F = $(notdir $?)
# environment
DESKTOP_SESSION = ubuntu
# default
.SHELLFLAGS := -c
# environment
XDG_SESSION_CLASS = user
# environment
SNAP_COMMON = /var/snap/code/common
# environment
XDG_SESSION_TYPE = x11
# makefile (from 'Makefile', line 11)
ENTRY_ASMFILES = $(wildcard $(SRCDIR)/*_entry.asm)
# environment
NVM_INC = /home/favero/.nvm/versions/node/v18.4.0/include/node
# automatic
?D = $(patsubst %/,%,$(dir $?))
# environment
IM_CONFIG_PHASE = 1
# automatic
@D = $(patsubst %/,%,$(dir $@))
# environment
XAUTHORITY = /run/user/1000/gdm/Xauthority
# environment
GDMSESSION = ubuntu
# environment
XMODIFIERS = @im=ibus
# makefile
CURDIR := /home/favero/Documents/snakos
# makefile
SHELL = /bin/sh
# environment
SNAP_DATA = /var/snap/code/116
# environment
VSCODE_NLS_CONFIG = {"locale":"fr","availableLanguages":{"*":"fr"},"_languagePackId":"ddfaa83b23385bf657b9b74fd91050d1.fr","_translationsConfigFile":"/home/favero/.config/Code/clp/ddfaa83b23385bf657b9b74fd91050d1.fr/tcf.json","_cacheRoot":"/home/favero/.config/Code/clp/ddfaa83b23385bf657b9b74fd91050d1.fr","_resolvedLanguagePackCoreLocation":"/home/favero/.config/Code/clp/ddfaa83b23385bf657b9b74fd91050d1.fr/e8a3071ea4344d9d48ef8a4df2c097372b0c5161","_corruptedFile":"/home/favero/.config/Code/clp/ddfaa83b23385bf657b9b74fd91050d1.fr/corrupted.info","_languagePackSupport":true}
# environment
JOURNAL_STREAM = 8:52519
# makefile (from 'Makefile', line 4)
CFLAGS = -ffreestanding -m32 -g -c
# environment
XDG_CONFIG_DIRS = /etc/xdg/xdg-ubuntu:/etc/xdg
# environment
SNAP_INSTANCE_NAME = code
# environment
SNAP_ARCH = amd64
# makefile (from 'Makefile', line 10)
INCLUDEDIR = ./include
# makefile (from 'Makefile', line 1)
MAKEFILE_LIST :=  Makefile
# automatic
@F = $(notdir $@)
# environment
GIO_LAUNCHED_DESKTOP_FILE = /var/lib/snapd/desktop/applications/code_code.desktop
# environment
USERNAME = favero
# environment
MANDATORY_PATH = /usr/share/gconf/ubuntu.mandatory.path
# environment
XDG_DATA_DIRS = /usr/share/ubuntu:/usr/local/share/:/usr/share/:/var/lib/snapd/desktop
# environment
DBUS_SESSION_BUS_ADDRESS = unix:path=/run/user/1000/bus
# makefile (from 'Makefile', line 12)
CFILES = $(wildcard $(SRCDIR)/*.c)
# environment
_ = /snap/code/116/usr/share/code/code
# makefile (from 'Makefile', line 5)
CPPFLAGS = -I$(INCLUDEDIR)
# environment
MANAGERPID = 1849
# environment
VSCODE_CWD = /home/favero
# environment
GSETTINGS_SCHEMA_DIR = /snap/code/116/usr/share/glib-2.0/schemas
# default
MAKE_HOST := x86_64-pc-linux-gnu
# environment
PATH = /home/favero/.local/bin:~/.scripts:/usr/local/i386elfgcc/bin:/home/favero/.local/bin:/home/favero/.nvm/versions/node/v18.4.0/bin:~/.scripts:/usr/local/i386elfgcc/bin:/usr/local/sbin:/usr/local/bin:/usr/sbin:/usr/bin:/sbin:/bin:/usr/games:/usr/local/games:/snap/bin:/android-studio/bin
# makefile (from 'Makefile', line 6)
LD = i386-elf-ld
# environment
GPG_AGENT_INFO = /run/user/1000/gnupg/S.gpg-agent:0:1
# environment
SESSION_MANAGER = local/favero-HP-Spectre-x360-Convertible-13-aw0xxx:@/tmp/.ICE-unix/2242,unix/favero-HP-Spectre-x360-Convertible-13-aw0xxx:/tmp/.ICE-unix/2242
# environment
XDG_RUNTIME_DIR = /run/user/1000
# environment
 
GDK_PIXBUF_MODULE_FILE = /home/favero/snap/code/common/.cache/gdk-pixbuf-loaders.cache
# environment
SNAP = /snap/code/116
# environment
NVM_BIN = /home/favero/.nvm/versions/node/v18.4.0/bin
# environment
SNAP_VERSION = e8a3071e
# environment
XDG_MENU_PREFIX = gnome-
# environment
ELECTRON_RUN_AS_NODE = 1
# environment
INVOCATION_ID = 23c78322a5594c049f7dac1e0b8930f3
# makefile (from 'Makefile', line 16)
LDFLAGS = --oformat binary -Ttext 0x7e00
# environment
GDK_PIXBUF_MODULEDIR = /snap/code/116/usr/lib/x86_64-linux-gnu/gdk-pixbuf-2.0/2.10.0/loaders
# default
.FEATURES := target-specific order-only second-expansion else-if shortest-stem undefine oneshell archives jobserver output-sync check-symlink load
# environment
XDG_SESSION_DESKTOP = ubuntu
# environment
SSH_AUTH_SOCK = /run/user/1000/keyring/ssh
# environment
GIO_LAUNCHED_DESKTOP_FILE_PID = 4080
# automatic
%F = $(notdir $%)
# environment
DISPLAY = :0
# makefile (from 'Makefile', line 7)
SRCDIR = ./src
# environment
PWD = /home/favero/Documents/snakos
# environment
DOTNET_ROOT = /snap/dotnet-sdk/current
# default
.LOADED := 
# environment
SSH_AGENT_PID = 2198
# makefile (from 'Makefile', line 15)
ASMOBJECTS = $(ENTRY_ASMFILES:$(SRCDIR)/%_entry.asm=$(OBJDIR)/%_entry.o)
# environment
ORIGINAL_XDG_CURRENT_DESKTOP = ubuntu:GNOME
# environment
GTK_MODULES = gail:atk-bridge
# environment
VSCODE_AMD_ENTRYPOINT = vs/workbench/api/node/extensionHostProcess
# environment
HOME = /home/favero
# environment
VSCODE_CLI = 1
# makefile (from 'Makefile', line 13)
HFILES = $(wildcard $(INCLUDEDIR)/*.h)
# environment
VSCODE_CODE_CACHE_PATH = /home/favero/.config/Code/CachedData/e8a3071ea4344d9d48ef8a4df2c097372b0c5161
# environment
LOGNAME = favero
# environment
APPLICATION_INSIGHTS_NO_DIAGNOSTIC_CHANNEL = 1
# environment
SNAP_LIBRARY_PATH = /var/lib/snapd/lib/gl:/var/lib/snapd/lib/gl32:/var/lib/snapd/void
# environment
SNAP_CONTEXT = ltRIPG7M2TmgpcgvpfYCwUqjUhPwD46nBepTgcSx85xBeMGcB54g
# environment
ELECTRON_NO_ATTACH_CONSOLE = 1
# environment
SNAP_USER_COMMON = /home/favero/snap/code/common
# environment
VSCODE_HANDLES_UNCAUGHT_ERRORS = true
# environment
GNOME_DESKTOP_SESSION_ID = this-is-deprecated
# automatic
^D = $(patsubst %/,%,$(dir $^))
# environment
MAKELEVEL := 0
# environment
SNAP_REAL_HOME = /home/favero
# default
MAKE = $(MAKE_COMMAND)
# default
MAKECMDGOALS := all
# environment
QT_IM_MODULE = ibus
# environment
SNAP_USER_DATA = /home/favero/snap/code/116
# environment
SHLVL = 0
# makefile (from 'Makefile', line 1)
ASM = nasm
# makefile (from 'Makefile', line 8)
BINDIR = ./bin
# makefile (from 'Makefile', line 3)
CC = i386-elf-gcc
# environment
GNOME_SHELL_SESSION_MODE = ubuntu
# makefile (from 'Makefile', line 17)
FINAL_BIN = snakOs.bin
# makefile (from 'Makefile', line 2)
ASFLAGS = -f elf
# default
MAKE_VERSION := 4.2.1
# environment
USER = favero
# environment
SNAP_REVISION = 116
# makefile
.DEFAULT_GOAL := all
# environment
XDG_CURRENT_DESKTOP = Unity
# automatic
%D = $(patsubst %/,%,$(dir $%))
# default
MAKE_COMMAND := make
# default
.VARIABLES := 
# automatic
*F = $(notdir $*)
# environment
VSCODE_IPC_HOOK = /run/user/1000/vscode-a61c020f-1.74.2-main.sock
# environment
BAMF_DESKTOP_FILE_HINT = /var/lib/snapd/desktop/applications/code_code.desktop
# makefile
MAKEFLAGS = pqrR
# environment
MFLAGS = -pqrR
# automatic
*D = $(patsubst %/,%,$(dir $*))
# environment
NVM_DIR = /home/favero/.nvm
# automatic
+D = $(patsubst %/,%,$(dir $+))
# environment
GDK_BACKEND = x11
# automatic
+F = $(notdir $+)
# environment
QT_ACCESSIBILITY = 1
# environment
DEFAULTS_PATH = /usr/share/gconf/ubuntu.default.path
# default
MAKEFILES := 
# environment
SNAP_COOKIE = ltRIPG7M2TmgpcgvpfYCwUqjUhPwD46nBepTgcSx85xBeMGcB54g
# automatic
<F = $(notdir $<)
# makefile (from 'Makefile', line 9)
OBJDIR = ./obj
# environment
PS1 = \[\e[36m\]\A \[\e[34m\]- \[\e[32m\]\u : \[\e[31m\]\w \n\[\e[05;32m\]> \[\e[00;33m\]
# environment
SNAP_NAME = code
# environment
GCC_COLORS = error=01;31:warning=01;35:note=01;36:caret=01;32:locus=01:quote=01
# environment
LC_ALL = C
# environment
GJS_DEBUG_TOPICS = JS ERROR;JS LOG
# automatic
^F = $(notdir $^)
# default
SUFFIXES := 
# environment
CHROME_DESKTOP = code-url-handler.desktop
# environment
WINDOWPATH = 2
# default
.INCLUDE_DIRS = /usr/include /usr/local/include /usr/include
# environment
GJS_DEBUG_OUTPUT = stderr
# default
.RECIPEPREFIX := 
# makefile (from 'Makefile', line 14)
COBJECTS = $(CFILES:$(SRCDIR)/%.c=$(OBJDIR)/%.o)
# environment
LANG = C
# environment
VSCODE_PID = 4197
# variable set hash-table stats:
# Load=134/1024=13%, Rehash=0, Collisions=36/195=18%

# Pattern-specific Variable Values

# No pattern-specific variable values.

# Directories

# ./include (device 66309, inode 400599): 14 files, no impossibilities.
# . (device 66309, inode 404935): 19 files, no impossibilities.
# ./src (device 66309, inode 400578): 15 files, no impossibilities.

# 48 files, no impossibilities in 3 directories.

# Implicit Rules

# No implicit rules.

# Files

# Not a target:
include/system.h:
#  Implicit rule search has been done.
#  Last modified 2022-10-18 15:08:10.96832776
#  File has been updated.
#  Successfully updated.

obj/game.o: src/game.c include/memfunc.h include/irq.h include/system.h include/game.h include/idt.h include/vga.h include/mainmenu.h include/icons.h include/timer.h include/kb.h include/isrs.h include/types.h
#  Implicit rule search has not been done.
#  Implicit/static pattern stem: 'game'
#  Last modified 2022-12-20 10:33:34.627194064
#  File has been updated.
#  Successfully updated.
#  recipe to execute (from 'Makefile', line 38):
	$(CC) $(CFLAGS) $(CPPFLAGS) $< -o $@

# Not a target:
include/memfunc.h:
#  Implicit rule search has been done.
#  Last modified 2022-04-02 21:01:19.417275072
#  File has been updated.
#  Successfully updated.

# Not a target:
src/memfunc.c:
#  Implicit rule search has been done.
#  Last modified 2022-04-03 21:48:36.203662806
#  File has been updated.
#  Successfully updated.

obj/timer.o: src/timer.c include/memfunc.h include/irq.h include/system.h include/game.h include/idt.h include/vga.h include/mainmenu.h include/icons.h include/timer.h include/kb.h include/isrs.h include/types.h
#  Implicit rule search has not been done.
#  Implicit/static pattern stem: 'timer'
#  Last modified 2022-10-18 16:33:41.411998316
#  File has been updated.
#  Successfully updated.
#  recipe to execute (from 'Makefile', line 38):
	$(CC) $(CFLAGS) $(CPPFLAGS) $< -o $@

obj/mainmenu.o: src/mainmenu.c include/memfunc.h include/irq.h include/system.h include/game.h include/idt.h include/vga.h include/mainmenu.h include/icons.h include/timer.h include/kb.h include/isrs.h include/types.h
#  Implicit rule search has not been done.
#  Implicit/static pattern stem: 'mainmenu'
#  Last modified 2022-10-18 16:33:41.443998316
#  File has been updated.
#  Successfully updated.
#  recipe to execute (from 'Makefile', line 38):
	$(CC) $(CFLAGS) $(CPPFLAGS) $< -o $@

all: bin/everything.bin bin/zeroes.bin
#  Command line target.
#  Implicit rule search has not been done.
#  Implicit/static pattern stem: ''
#  File does not exist.
#  File has been updated.
#  Needs to be updated (-q is set).
# automatic
# @ := all
# automatic
# % := 
# automatic
# * := 
# automatic
# + := bin/everything.bin bin/zeroes.bin
# automatic
# | := 
# automatic
# < := bin/everything.bin
# automatic
# ^ := bin/everything.bin bin/zeroes.bin
# automatic
# ? := bin/everything.bin bin/zeroes.bin
# variable set hash-table stats:
# Load=8/32=25%, Rehash=0, Collisions=1/13=8%
#  recipe to execute (from 'Makefile', line 20):
	cat $^ > $(FINAL_BIN)

obj/isrs.o: src/isrs.c include/memfunc.h include/irq.h include/system.h include/game.h include/idt.h include/vga.h include/mainmenu.h include/icons.h include/timer.h include/kb.h include/isrs.h include/types.h
#  Implicit rule search has not been done.
#  Implicit/static pattern stem: 'isrs'
#  Last modified 2022-10-18 16:33:41.359998316
#  File has been updated.
#  Successfully updated.
#  recipe to execute (from 'Makefile', line 38):
	$(CC) $(CFLAGS) $(CPPFLAGS) $< -o $@

distclean: clean
#  Implicit rule search has not been done.
#  Modification time never checked.
#  File has not been updated.
#  recipe to execute (from 'Makefile', line 45):
	rm -f bin/*.bin
	rm -f *.bin

bin/boot.bin: src/boot.asm
 
#  Implicit rule search has not been done.
#  Last modified 2022-10-18 15:09:13.84432752
#  File has been updated.
#  Successfully updated.
#  recipe to execute (from 'Makefile', line 26):
	$(ASM) $< -f bin -o $@

# Not a target:
include/kb.h:
#  Implicit rule search has been done.
#  Last modified 2022-06-02 21:35:25.344906606
#  File has been updated.
#  Successfully updated.

# Not a target:
src/boot.asm:
#  Implicit rule search has been done.
#  Last modified 2022-04-05 18:28:51.680203805
#  File has been updated.
#  Successfully updated.

# Not a target:
src/kb.c:
#  Implicit rule search has been done.
#  Last modified 2022-06-02 21:39:40.396427951
#  File has been updated.
#  Successfully updated.

obj/idt.o: src/idt.c include/memfunc.h include/irq.h include/system.h include/game.h include/idt.h include/vga.h include/mainmenu.h include/icons.h include/timer.h include/kb.h include/isrs.h include/types.h
#  Implicit rule search has not been done.
#  Implicit/static pattern stem: 'idt'
#  Last modified 2022-10-18 16:33:41.331998316
#  File has been updated.
#  Successfully updated.
#  recipe to execute (from 'Makefile', line 38):
	$(CC) $(CFLAGS) $(CPPFLAGS) $< -o $@

# Not a target:
.SUFFIXES:
#  Implicit rule search has not been done.
#  Modification time never checked.
#  File has not been updated.

# Not a target:
include/game.h:
#  Implicit rule search has been done.
#  Last modified 2022-10-18 15:10:00.580327342
#  File has been updated.
#  Successfully updated.

# Not a target:
src/game.c:
#  Implicit rule search has been done.
#  Last modified 2022-12-20 10:33:32.679156384
#  File has been updated.
#  Successfully updated.

# Not a target:
Makefile:
#  Implicit rule search has been done.
#  Last modified 2022-06-03 21:11:13.882809071
#  File has been updated.
#  Successfully updated.

# Not a target:
include/timer.h:
#  Implicit rule search has been done.
#  Last modified 2022-06-03 19:46:28.878389521
#  File has been updated.
#  Successfully updated.

# Not a target:
src/timer.c:
#  Implicit rule search has been done.
#  Last modified 2022-10-18 16:00:24.204315808
#  File has been updated.
#  Successfully updated.

# Not a target:
include/mainmenu.h:
#  Implicit rule search has been done.
#  Last modified 2022-06-03 18:12:52.741318018
#  File has been updated.
#  Successfully updated.

# Not a target:
src/mainmenu.c:
#  Implicit rule search has been done.
#  Last modified 2022-10-18 16:29:54.90799918
#  File has been updated.
#  Successfully updated.

obj/vga.o: src/vga.c include/memfunc.h include/irq.h include/system.h include/game.h include/idt.h include/vga.h include/mainmenu.h include/icons.h include/timer.h include/kb.h include/isrs.h include/types.h
#  Implicit rule search has not been done.
#  Implicit/static pattern stem: 'vga'
#  Last modified 2022-10-18 16:33:41.395998316
#  File has been updated.
#  Successfully updated.
#  recipe to execute (from 'Makefile', line 38):
	$(CC) $(CFLAGS) $(CPPFLAGS) $< -o $@

# Not a target:
include/isrs.h:
#  Implicit rule search has been done.
#  Last modified 2022-04-03 01:42:52.094625173
#  File has been updated.
#  Successfully updated.

# Not a target:
src/isrs.c:
#  Implicit rule search has been done.
#  Last modified 2022-04-04 22:35:19.391021977
#  File has been updated.
#  Successfully updated.

# Not a target:
include/idt.h:
#  Implicit rule search has been done.
#  Last modified 2022-04-02 21:28:07.779312692
#  File has been updated.
#  Successfully updated.

# Not a target:
src/idt.c:
#  Implicit rule search has been done.
#  Last modified 2022-04-02 21:27:24.146716186
#  File has been updated.
#  Successfully updated.

bin/full_kernel.bin: obj/kernel_entry.o obj/kernel.o obj/idt.o obj/memfunc.o obj/isrs.o obj/irq.o obj/vga.o obj/timer.o obj/kb.o obj/mainmenu.o obj/game.o
#  Implicit rule search has not been done.
#  Last modified 2022-12-20 10:33:34.631194141
#  File has been updated.
#  Successfully updated.
#  recipe to execute (from 'Makefile', line 32):
	$(LD) $(LDFLAGS) $^ -o $@

# Not a target:
.DEFAULT:
#  Implicit rule search has not been done.
#  Modification time never checked.
#  File has not been updated.

# Not a target:
src/kernel_entry.asm:
#  Implicit rule search has been done.
#  Last modified 2022-04-04 22:40:40.872390633
#  File has been updated.
#  Successfully updated.

obj/irq.o: src/irq.c include/memfunc.h include/irq.h include/system.h include/game.h include/idt.h include/vga.h include/mainmenu.h include/icons.h include/timer.h include/kb.h include/isrs.h include/types.h
#  Implicit rule search has not been done.
#  Implicit/static pattern stem: 'irq'
#  Last modified 2022-10-18 16:33:41.375998316
#  File has been updated.
#  Successfully updated.
#  recipe to execute (from 'Makefile', line 38):
	$(CC) $(CFLAGS) $(CPPFLAGS) $< -o $@

# Not a target:
include/vga.h:
#  Implicit rule search has been done.
#  Last modified 2022-10-18 13:19:55.155993783
#  File has been updated.
#  Successfully updated.

clean:
#  Implicit rule search has not been done.
#  Modification time never checked.
#  File has not been updated.
#  recipe to execute (from 'Makefile', line 42):
	rm -f obj/*.o

# Not a target:
src/vga.c:
#  Implicit rule search has been done.
#  Last modified 2022-10-18 14:45:01.152333062
#  File has been updated.
#  Successfully updated.

obj/kernel.o: src/kernel.c include/memfunc.h include/irq.h include/system.h include/game.h include/idt.h include/vga.h include/mainmenu.h include/icons.h include/timer.h include/kb.h include/isrs.h include/types.h
#  Implicit rule search has not been done.
#  Implicit/static pattern stem: 'kernel'
#  Last modified 2022-10-18 16:33:41.319998316
#  File has been updated.
#  Successfully updated.
#  recipe to execute (from 'Makefile', line 38):
	$(CC) $(CFLAGS) $(CPPFLAGS) $< -o $@

bin/zeroes.bin: src/zeroes.asm
#  Implicit rule search has not been done.
#  Last modified 2022-10-18 15:09:14.01232752
#  File has been updated.
#  Successfully updated.
#  recipe to execute (from 'Makefile', line 29):
	$(ASM) $< -f bin -o $@

# Not a target:
src/zeroes.asm:
#  Implicit rule search has been done.
#  Last modified 2022-04-05 01:49:14.789257586
#  File has been updated.
#  Successfully updated.

bin/everything.bin: bin/boot.bin bin/full_kernel.bin
#  Implicit rule search has not been done.
#  Last modified 2022-12-20 10:33:34.631194141
#  File has been updated.
#  Successfully updated.
#  recipe to execute (from 'Makefile', line 23):
	cat $^ > $@

obj/memfunc.o: src/memfunc.c include/memfunc.h include/irq.h include/system.h include/game.h include/idt.h include/vga.h include/mainmenu.h include/icons.h include/timer.h include/kb.h include/isrs.h include/types.h
#  Implicit rule search has not been done.
#  Implicit/static pattern stem: 'memfunc'
#  Last modified 2022-10-18 16:33:41.343998316
#  File has been updated.
#  Successfully updated.
#  recipe to execute (from 'Makefile', line 38):
	$(CC) $(CFLAGS) $(CPPFLAGS) $< -o $@

obj/kernel_entry.o: src/kernel_entry.asm
#  Implicit rule search has not been done.
#  Last modified 2022-10-18 15:09:13.85632752
#  File has been updated.
#  Successfully updated.
#  recipe to execute (from 'Makefile', line 35):
	$(ASM) $(ASFLAGS) $< -o $@

# Not a target:
include/irq.h:
#  Implicit rule search has been done.
#  Last modified 2022-04-03 02:04:16.179121278
#  File has been updated.
#  Successfully updated.

# Not a target:
src/irq.c:
#  Implicit rule search has been done.
#  Last modified 2022-04-03 17:18:02.85629308
#  File has been updated.
#  Successfully updated.

# Not a target:
include/types.h:
#  Implicit rule search has been done.
#  Last modified 2022-04-04 22:26:12.876652155
#  File has been updated.
#  Successfully updated.

obj/kb.o: src/kb.c include/memfunc.h include/irq.h include/system.h include/game.h include/idt.h include/vga.h include/mainmenu.h include/icons.h include/timer.h include/kb.h include/isrs.h include/types.h
#  Implicit rule search has not been done.
#  Implicit/static pattern stem: 'kb'
#  Last modified 2022-10-18 16:33:41.423998316
#  File has been updated.
#  Successfully updated.
#  recipe to execute (from 'Makefile', line 38):
	$(CC) $(CFLAGS) $(CPPFLAGS) $< -o $@

# Not a target:
include/icons.h:
#  Implicit rule search has been done.
#  Last modified 2022-10-18 16:33:39.651998322
#  File has been updated.
#  Successfully updated.

# Not a target:
src/kernel.c:
#  Implicit rule search has been done.
#  Last modified 2022-06-03 18:16:37.888266144
#  File has been updated.
#  Successfully updated.

# files hash-table stats:
# Load=46/1024=4%, Rehash=0, Collisions=0/222=0%
# VPATH Search Paths

# No 'vpath' search paths.

# No general ('VPATH' variable) search path.

# strcache buffers: 1 (0) / strings = 105 / storage = 1086 B / avg = 10 B
# current buf: size = 8162 B / used = 1086 B / count = 105 / avg = 10 B

# strcache performance: lookups = 149 / hit rate = 29%
# hash-table stats:
# Load=105/8192=1%, Rehash=0, Collisions=5/149=3%
# Finished Make data base on Wed Jan  4 07:59:57 2023

 
